<?xml version="1.0" encoding="UTF-8"?>
<!-- Generated by org.testng.reporters.JUnitReportReporter -->
<testsuite hostname="DESKTOP-A6B1DPS" failures="0" tests="1" name="Fitpeo.Testcases.TC_selectCPTcodes" time="5.841" errors="0" timestamp="2024-11-26T11:33:01 PST" skipped="0">
  <testcase classname="Fitpeo.Testcases.TC_selectCPTcodes" name="SelectCPTCodes" time="5.841"/>
</testsuite> <!-- Fitpeo.Testcases.TC_selectCPTcodes -->
